# stats: dump at 1339018178
stats: users 10 10
stats: users_count 10 10
stats: finish_users_count 0 0
stats: error_connect_econnrefused 10 10
# stats: dump at 1339018188
stats: users 22 22
stats: users_count 12 22
stats: finish_users_count 0 0
stats: error_connect_econnrefused 21 31
# stats: dump at 1339018198
stats: users 29 29
stats: users_count 7 29
stats: finish_users_count 0 0
stats: error_connect_econnrefused 20 51
# stats: dump at 1339018208
stats: users 40 40
stats: users_count 11 40
stats: finish_users_count 0 0
stats: error_connect_econnrefused 28 79
# stats: dump at 1339018218
stats: users 45 45
stats: users_count 5 45
stats: finish_users_count 0 0
stats: error_connect_econnrefused 27 106
# stats: dump at 1339018228
stats: users 55 55
stats: users_count 10 55
stats: finish_users_count 0 0
stats: error_connect_econnrefused 22 128
# stats: dump at 1339018238
stats: users 57 59
stats: session 10 60016.95812988281 4.424582587573768 60027.572021484375 60008.501953125 0 0
stats: users_count 12 67
stats: finish_users_count 10 10
stats: error_connect_econnrefused 44 172
stats: error_abort_max_conn_retries 10 10
# stats: dump at 1339018248
stats: users 54 60
stats: session 12 60015.96114095052 1.8080655579248472 60027.572021484375 60008.501953125 60016.95812988281 10
stats: users_count 9 76
stats: finish_users_count 12 22
stats: error_connect_econnrefused 38 210
stats: error_abort_max_conn_retries 12 22
# stats: dump at 1339018258
stats: users 55 60
stats: session 7 60016.40959821428 3.0872881831416166 60027.572021484375 60008.501953125 60016.41431773792 22
stats: users_count 8 84
stats: finish_users_count 7 29
stats: error_connect_econnrefused 33 243
stats: error_abort_max_conn_retries 7 29
# stats: dump at 1339018268
stats: users 55 60
stats: session 11 60016.415216619316 2.9438531691703815 60027.572021484375 60008.501953125 60016.41317854256 29
stats: users_count 11 95
stats: finish_users_count 11 40
stats: error_connect_econnrefused 43 286
stats: error_abort_max_conn_retries 11 40
# stats: dump at 1339018278
stats: users 59 60
stats: session 5 60017.282421875 2.096095359480179 60027.572021484375 60008.501953125 60016.413739013675 40
stats: users_count 9 104
stats: finish_users_count 5 45
stats: error_connect_econnrefused 32 318
stats: error_abort_max_conn_retries 4 44
# stats: dump at 1339018288
stats: users 60 61
stats: session 10 60016.61040039062 2.907540944829004 60027.572021484375 60008.501953125 60016.5102593316 45
stats: users_count 11 115
stats: finish_users_count 10 55
stats: error_connect_econnrefused 35 353
stats: error_abort_max_conn_retries 10 54
# stats: dump at 1339018298
stats: users 61 62
stats: session 12 60015.48940022787 2.503661324653499 60027.572021484375 60008.501953125 60016.52846679687 55
stats: users_count 13 128
stats: finish_users_count 12 67
stats: error_connect_econnrefused 48 401
stats: error_abort_max_conn_retries 12 66
# stats: dump at 1339018308
stats: users 62 63
stats: session 9 60015.884385850695 1.804372436526895 60027.572021484375 60008.501953125 60016.34236532183 67
stats: users_count 10 138
stats: finish_users_count 9 76
stats: error_connect_econnrefused 43 444
stats: error_abort_max_conn_retries 10 76
# stats: dump at 1339018318
stats: users 60 65
stats: session 8 60017.005767822266 1.7236913133485314 60027.572021484375 60008.501953125 60016.288130910776 76
stats: users_count 6 144
stats: finish_users_count 8 84
stats: error_connect_econnrefused 34 478
stats: error_abort_max_conn_retries 7 83
# stats: dump at 1339018328
stats: users 58 65
stats: session 11 60017.316938920456 2.5608657244107227 60027.572021484375 60008.501953125 60016.3564772833 84
stats: users_count 9 153
stats: finish_users_count 11 95
stats: error_connect_econnrefused 42 520
stats: error_abort_max_conn_retries 12 95
# stats: dump at 1339018338
stats: users 58 65
stats: session 9 60014.395968967016 2.6269630263520174 60027.572021484375 60008.501953125 60016.46768863076 95
stats: users_count 9 162
stats: finish_users_count 9 104
stats: error_connect_econnrefused 36 556
stats: error_abort_max_conn_retries 9 104
# stats: dump at 1339018348
stats: users 54 65
stats: session 11 60017.64388760654 2.836179188982891 60027.572021484375 60008.501953125 60016.28840519832 104
stats: users_count 7 169
stats: finish_users_count 11 115
stats: error_connect_econnrefused 33 589
stats: error_abort_max_conn_retries 10 114
# stats: dump at 1339018358
stats: users 53 65
stats: session 13 60015.92822265625 1.5158729229441643 60027.572021484375 60008.501953125 60016.418060037366 115
stats: users_count 12 181
stats: finish_users_count 13 128
stats: error_connect_econnrefused 42 631
stats: error_abort_max_conn_retries 14 128
# stats: dump at 1339018368
stats: users 52 65
stats: session 10 60017.76962890625 2.110917761179187 60027.572021484375 60008.501953125 60016.368310928345 128
stats: users_count 9 190
stats: finish_users_count 10 138
stats: error_connect_econnrefused 40 671
stats: error_abort_max_conn_retries 10 138
# stats: dump at 1339018378
stats: users 53 65
stats: session 6 60017.27705891927 3.2370459525911865 60027.572021484375 60008.501953125 60016.46985570935 138
stats: users_count 7 197
stats: finish_users_count 6 144
stats: error_connect_econnrefused 29 700
stats: error_abort_max_conn_retries 6 144
# stats: dump at 1339018388
stats: users 52 65
stats: session 9 60016.489095052086 1.6776661738721022 60027.572021484375 60008.501953125 60016.50348917643 144
stats: users_count 8 205
stats: finish_users_count 9 153
stats: error_connect_econnrefused 34 734
stats: error_abort_max_conn_retries 9 153
# stats: dump at 1339018398
stats: users 56 65
stats: session 9 60017.34214952257 2.155523635809788 60027.572021484375 60008.501953125 60016.50264246324 153
stats: users_count 13 218
stats: finish_users_count 9 162
stats: error_connect_econnrefused 40 774
stats: error_abort_max_conn_retries 9 162
# stats: dump at 1339018408
stats: users 56 65
stats: session 7 60015.98015485491 1.4671083436468668 60027.572021484375 60008.501953125 60016.54928174431 162
stats: users_count 7 225
stats: finish_users_count 7 169
stats: error_connect_econnrefused 34 808
stats: error_abort_max_conn_retries 7 169
# stats: dump at 1339018418
stats: users 49 65
stats: session 12 60017.516357421875 2.3633572232560356 60027.572021484375 60008.501953125 60016.5257084412 169
stats: users_count 5 230
stats: finish_users_count 12 181
stats: error_connect_econnrefused 32 840
stats: error_abort_max_conn_retries 12 181
