
=INFO REPORT==== 6-Jun-2012::18:56:02 ===
    ts_config_server:(5:<0.53.0>) Config server started, logdir is "/media/Storage/Development/exist/eXstress/logs/20120606-1856"
 
=INFO REPORT==== 6-Jun-2012::18:56:02 ===
              ts_mon:(5:<0.52.0>) starting monitor, global 

=INFO REPORT==== 6-Jun-2012::18:56:02 ===
              ts_mon:(5:<0.54.0>) Init, log dir is "/media/Storage/Development/exist/eXstress/logs/20120606-1856"

=INFO REPORT==== 6-Jun-2012::18:56:02 ===
              ts_mon:(5:<0.54.0>) starting monitor

=INFO REPORT==== 6-Jun-2012::18:56:02 ===
        ts_stats_mon:(5:<0.52.0>) starting stats server, global 

=INFO REPORT==== 6-Jun-2012::18:56:02 ===
        ts_stats_mon:(5:<0.56.0>) starting ts_stats_mon stats server

=INFO REPORT==== 6-Jun-2012::18:56:02 ===
        ts_stats_mon:(5:<0.52.0>) starting request stats server, global 

=INFO REPORT==== 6-Jun-2012::18:56:02 ===
        ts_stats_mon:(5:<0.57.0>) starting dedicated stats server for request 

=INFO REPORT==== 6-Jun-2012::18:56:02 ===
        ts_stats_mon:(5:<0.52.0>) starting page stats server, global 

=INFO REPORT==== 6-Jun-2012::18:56:02 ===
        ts_stats_mon:(5:<0.58.0>) starting dedicated stats server for page 

=INFO REPORT==== 6-Jun-2012::18:56:02 ===
        ts_stats_mon:(5:<0.52.0>) starting connect stats server, global 

=INFO REPORT==== 6-Jun-2012::18:56:02 ===
        ts_stats_mon:(5:<0.59.0>) starting dedicated stats server for connect 

=INFO REPORT==== 6-Jun-2012::18:56:02 ===
        ts_stats_mon:(5:<0.52.0>) starting transaction stats server, global 

=INFO REPORT==== 6-Jun-2012::18:56:02 ===
        ts_stats_mon:(5:<0.60.0>) starting transaction stats server

=INFO REPORT==== 6-Jun-2012::18:56:02 ===
     ts_match_logger:(5:<0.52.0>) starting match logger, global 

=INFO REPORT==== 6-Jun-2012::18:56:02 ===
     ts_match_logger:(5:<0.61.0>) starting match logger

=INFO REPORT==== 6-Jun-2012::18:56:02 ===
     ts_match_logger:(5:<0.61.0>) starting match logger

=INFO REPORT==== 6-Jun-2012::18:56:02 ===
           ts_config:(5:<0.53.0>) Reading config file: /media/Storage/Development/exist/eXstress/test-plans/simple/blahdate-gen-test.xml

=INFO REPORT==== 6-Jun-2012::18:56:02 ===
    ts_config_server:(0:<0.53.0>) Error while parsing XML config file: {fatal,
                                                                        {{invalid_target_name,
                                                                          " version=\""},
                                                                         {file,
                                                                          "/media/Storage/Development/exist/eXstress/test-plans/simple/blahdate-gen-test.xml"},
                                                                         {line,
                                                                          2},
                                                                         {col,
                                                                          6}}}

=ERROR REPORT==== 6-Jun-2012::18:56:02 ===
** Generic server ts_config_server terminating 
** Last message in was {get_monitor_hosts}
** When Server state == {state,undefined,
                               "/media/Storage/Development/exist/eXstress/logs/20120606-1856",
                               0,0,0,undefined,1,undefined,'Neverender',0,0,
                               undefined,undefined}
** Reason for termination == 
** {{badrecord,config},
    [{ts_config_server,handle_call,3},
     {gen_server,handle_msg,5},
     {proc_lib,init_p_do_apply,3}]}

=INFO REPORT==== 6-Jun-2012::18:56:02 ===
    ts_config_server:(5:<0.71.0>) Config server started, logdir is "/media/Storage/Development/exist/eXstress/logs/20120606-1856"
 