
=INFO REPORT==== 6-Jun-2012::18:34:41 ===
    ts_config_server:(5:<0.53.0>) Config server started, logdir is "/media/Storage/Development/exist/eXstress/logs/20120606-1834"
 
=INFO REPORT==== 6-Jun-2012::18:34:41 ===
              ts_mon:(5:<0.52.0>) starting monitor, global 

=INFO REPORT==== 6-Jun-2012::18:34:41 ===
              ts_mon:(5:<0.54.0>) Init, log dir is "/media/Storage/Development/exist/eXstress/logs/20120606-1834"

=INFO REPORT==== 6-Jun-2012::18:34:41 ===
              ts_mon:(5:<0.54.0>) starting monitor

=INFO REPORT==== 6-Jun-2012::18:34:41 ===
        ts_stats_mon:(5:<0.52.0>) starting stats server, global 

=INFO REPORT==== 6-Jun-2012::18:34:41 ===
        ts_stats_mon:(5:<0.56.0>) starting ts_stats_mon stats server

=INFO REPORT==== 6-Jun-2012::18:34:41 ===
        ts_stats_mon:(5:<0.52.0>) starting request stats server, global 

=INFO REPORT==== 6-Jun-2012::18:34:41 ===
        ts_stats_mon:(5:<0.57.0>) starting dedicated stats server for request 

=INFO REPORT==== 6-Jun-2012::18:34:41 ===
        ts_stats_mon:(5:<0.52.0>) starting page stats server, global 

=INFO REPORT==== 6-Jun-2012::18:34:41 ===
        ts_stats_mon:(5:<0.58.0>) starting dedicated stats server for page 

=INFO REPORT==== 6-Jun-2012::18:34:41 ===
        ts_stats_mon:(5:<0.52.0>) starting connect stats server, global 

=INFO REPORT==== 6-Jun-2012::18:34:41 ===
        ts_stats_mon:(5:<0.59.0>) starting dedicated stats server for connect 

=INFO REPORT==== 6-Jun-2012::18:34:41 ===
        ts_stats_mon:(5:<0.52.0>) starting transaction stats server, global 

=INFO REPORT==== 6-Jun-2012::18:34:41 ===
        ts_stats_mon:(5:<0.60.0>) starting transaction stats server

=INFO REPORT==== 6-Jun-2012::18:34:41 ===
     ts_match_logger:(5:<0.52.0>) starting match logger, global 

=INFO REPORT==== 6-Jun-2012::18:34:41 ===
     ts_match_logger:(5:<0.61.0>) starting match logger

=INFO REPORT==== 6-Jun-2012::18:34:41 ===
     ts_match_logger:(5:<0.61.0>) starting match logger

=INFO REPORT==== 6-Jun-2012::18:34:41 ===
           ts_config:(5:<0.53.0>) Reading config file: /media/Storage/Development/exist/eXstress/generated-test-plan.xml
